<?xml version="1.0" encoding="UTF-8"?>
<testsuite xmlns:xsi="http://www.w3.org/2001/XMLSchema-instance" xsi:noNamespaceSchemaLocation="https://maven.apache.org/surefire/maven-surefire-plugin/xsd/surefire-test-report.xsd" name="AFPA.CDA03.Demo.SocieteTest" time="0.172" tests="17" errors="0" skipped="0" failures="2">
  <properties>
[...]
</properties>
  <testcase name="valueNullEmptySetterRaisonSociale" classname="AFPA.CDA03.Demo.SocieteTest" time="0.016"/>
  <testcase name="mailOk{String}[1]" classname="AFPA.CDA03.Demo.SocieteTest" time="0.047"/>
  <testcase name="mailOk{String}[2]" classname="AFPA.CDA03.Demo.SocieteTest" time="0"/>
  <testcase name="null_RsSociete" classname="AFPA.CDA03.Demo.SocieteTest" time="0"/>
  <testcase name="telInvalid{String}[1]" classname="AFPA.CDA03.Demo.SocieteTest" time="0"/>
  <testcase name="telInvalid{String}[2]" classname="AFPA.CDA03.Demo.SocieteTest" time="0"/>
  <testcase name="telInvalid{String}[3]" classname="AFPA.CDA03.Demo.SocieteTest" time="0.016">
    <failure message="Expected exception.ExceptionMetier1 to be thrown, but nothing was thrown." type="org.opentest4j.AssertionFailedError">org.opentest4j.AssertionFailedError: Expected exception.ExceptionMetier1 to be thrown, but nothing was thrown.
	at AFPA.CDA03.Demo.SocieteTest.telInvalid(SocieteTest.java:84)
</failure>
  </testcase>
  <testcase name="telOk{String}[1]" classname="AFPA.CDA03.Demo.SocieteTest" time="0"/>
  <testcase name="telOk{String}[2]" classname="AFPA.CDA03.Demo.SocieteTest" time="0"/>
  <testcase name="telOk{String}[3]" classname="AFPA.CDA03.Demo.SocieteTest" time="0"/>
  <testcase name="invalidFormatMail{String}[1]" classname="AFPA.CDA03.Demo.SocieteTest" time="0">
    <failure message="Unexpected exception type thrown ==&gt; expected: &lt;exception.ExceptionMetier1&gt; but was: &lt;java.lang.NullPointerException&gt;" type="org.opentest4j.AssertionFailedError"><![CDATA[org.opentest4j.AssertionFailedError: Unexpected exception type thrown ==> expected: <exception.ExceptionMetier1> but was: <java.lang.NullPointerException>
	at AFPA.CDA03.Demo.SocieteTest.invalidFormatMail(SocieteTest.java:64)
Caused by: java.lang.NullPointerException
	at AFPA.CDA03.Demo.SocieteTest.lambda$invalidFormatMail$1(SocieteTest.java:64)
	at AFPA.CDA03.Demo.SocieteTest.invalidFormatMail(SocieteTest.java:64)
]]></failure>
  </testcase>
  <testcase name="invalidFormatMail{String}[2]" classname="AFPA.CDA03.Demo.SocieteTest" time="0"/>
  <testcase name="invalidFormatMail{String}[3]" classname="AFPA.CDA03.Demo.SocieteTest" time="0"/>
  <testcase name="invalidFormatMail{String}[4]" classname="AFPA.CDA03.Demo.SocieteTest" time="0"/>
  <testcase name="invalidFormatMail{String}[5]" classname="AFPA.CDA03.Demo.SocieteTest" time="0"/>
  <testcase name="invalidFormatMail{String}[6]" classname="AFPA.CDA03.Demo.SocieteTest" time="0"/>
  <testcase name="invalidFormatMail{String}[7]" classname="AFPA.CDA03.Demo.SocieteTest" time="0"/>
</testsuite>